<?xml version="1.0" encoding="UTF-8"?>
<!-- Generated by org.testng.reporters.JUnitXMLReporter -->
<testsuite ignored="2" hostname="Chotu-2" failures="0" tests="4" name="Default test" time="86.317" errors="0" timestamp="2022-01-31T21:08:13 EST">
  <testcase classname="testlayer1.LOGINTEST" name="signup" time="13.149"/>
  <testcase classname="testlayer1.LOGINTEST" name="signup" time="13.153"/>
  <testcase classname="testlayer1.LOGINTEST" name="signup" time="13.138"/>
  <testcase classname="testlayer1.LOGINTEST" name="signup" time="13.156"/>
  <testcase classname="testlayer1.LOGINTEST" name="login" time="0.0">
    <ignored/>
  </testcase> <!-- login -->
  <testcase classname="testlayer1.LOGINTEST" name="Title" time="0.0">
    <ignored/>
  </testcase> <!-- Title -->
</testsuite> <!-- Default test -->
