<?xml version="1.0" encoding="UTF-8"?>
<!-- Generated by org.testng.reporters.JUnitXMLReporter -->
<testsuite ignored="0" hostname="Chotu-2" failures="0" tests="6" name="Test" time="372.901" errors="0" timestamp="2022-02-01T12:24:23 EST">
  <testcase classname="testlayer1.LOGINTEST" name="Title" time="0.223"/>
  <testcase classname="testlayer1.LOGINTEST" name="signup" time="17.809"/>
  <testcase classname="testlayer1.LOGINTEST" name="signup" time="13.272"/>
  <testcase classname="testlayer1.LOGINTEST" name="signup" time="24.272"/>
  <testcase classname="testlayer1.LOGINTEST" name="signup" time="20.264"/>
  <testcase classname="testlayer1.LOGINTEST" name="login" time="30.542"/>
</testsuite> <!-- Test -->
